<?xml version="1.0" encoding="UTF-8"?>
<!-- Generated by org.testng.reporters.JUnitXMLReporter -->
<testsuite ignored="0" hostname="LAPTOP-ZYZZ" failures="0" tests="12" name="TutorialsNinja Tests" time="40.997" errors="0" timestamp="2023-03-28T13:09:49 IST">
  <testcase classname="com.tutorialsninja.qa.testcases.Register" name="verifyRegisteringWithMandatorydFields" time="1.144"/>
  <testcase classname="com.tutorialsninja.qa.testcases.Register" name="verifyRegisteringWithAllFields" time="1.147"/>
  <testcase classname="com.tutorialsninja.qa.testcases.Register" name="verifyRegisteringWithExistingEmailAddress" time="1.078"/>
  <testcase classname="com.tutorialsninja.qa.testcases.Register" name="verifyRegisteringAccountWithoutFillingAnyDetails" time="0.508"/>
  <testcase classname="com.tutorialsninja.qa.testcases.Login" name="verifyLoginWithValidCredentials" time="0.737"/>
  <testcase classname="com.tutorialsninja.qa.testcases.Login" name="verifyLoginWithValidCredentials" time="0.687"/>
  <testcase classname="com.tutorialsninja.qa.testcases.Login" name="verifyLoginWithValidCredentials" time="0.71"/>
  <testcase classname="com.tutorialsninja.qa.testcases.Login" name="verifyLoginwithInvalidCredentials" time="0.608"/>
  <testcase classname="com.tutorialsninja.qa.testcases.Login" name="verifyLoginwithInvalidEmailandValidPassword" time="0.625"/>
  <testcase classname="com.tutorialsninja.qa.testcases.Login" name="verifyLoginWithValidEmailandInvalidPassword" time="0.577"/>
  <testcase classname="com.tutorialsninja.qa.testcases.Login" name="verifyLoginWithoutProvidingCredentials" time="0.419"/>
  <testcase classname="com.tutorialsninja.qa.testcases.Search" name="verifySearchingWithValidProduct" time="0.396"/>
</testsuite> <!-- TutorialsNinja Tests -->
