<?xml version="1.0" encoding="UTF-8"?>
<!-- Generated by org.testng.reporters.JUnitXMLReporter -->
<testsuite ignored="0" hostname="LAPTOP-ZYZZ" failures="1" tests="14" name="Surefire test" time="47.555" errors="0" timestamp="2023-03-28T13:32:15 IST">
  <testcase classname="com.tutorialsninja.qa.testcases.LoginTest" name="verifyLoginWithValidCredentials" time="0.805"/>
  <testcase classname="com.tutorialsninja.qa.testcases.LoginTest" name="verifyLoginWithValidCredentials" time="0.849"/>
  <testcase classname="com.tutorialsninja.qa.testcases.LoginTest" name="verifyLoginWithValidCredentials" time="0.711"/>
  <testcase classname="com.tutorialsninja.qa.testcases.LoginTest" name="verifyLoginwithInvalidCredentials" time="0.637"/>
  <testcase classname="com.tutorialsninja.qa.testcases.LoginTest" name="verifyLoginwithInvalidEmailandValidPassword" time="0.649"/>
  <testcase classname="com.tutorialsninja.qa.testcases.LoginTest" name="verifyLoginWithValidEmailandInvalidPassword" time="0.676"/>
  <testcase classname="com.tutorialsninja.qa.testcases.LoginTest" name="verifyLoginWithoutProvidingCredentials" time="0.392"/>
  <testcase classname="com.tutorialsninja.qa.testcases.RegisterTest" name="verifyRegisteringWithMandatorydFields" time="1.151"/>
  <testcase classname="com.tutorialsninja.qa.testcases.RegisterTest" name="verifyRegisteringWithAllFields" time="1.301"/>
  <testcase classname="com.tutorialsninja.qa.testcases.RegisterTest" name="verifyRegisteringWithExistingEmailAddress" time="1.065"/>
  <testcase classname="com.tutorialsninja.qa.testcases.RegisterTest" name="verifyRegisteringAccountWithoutFillingAnyDetails" time="0.601"/>
  <testcase classname="com.tutorialsninja.qa.testcases.SearchTest" name="verifySearchingWithValidProduct" time="0.387"/>
  <testcase classname="com.tutorialsninja.qa.testcases.SearchTest" name="verifySearchingWithInvalidProduct" time="0.35">
    <failure type="org.junit.ComparisonFailure" message="There is no product that matches the search criteria. expected:&amp;lt;[avcas]&amp;gt; but was:&amp;lt;[There is no product that matches the search criteria.]&amp;gt;">
      <![CDATA[org.junit.ComparisonFailure: There is no product that matches the search criteria. expected:<[avcas]> but was:<[There is no product that matches the search criteria.]>
at org.junit.Assert.assertEquals(Assert.java:115)
at com.tutorialsninja.qa.testcases.SearchTest.verifySearchingWithInvalidProduct(SearchTest.java:61)
at java.base/java.util.ArrayList.forEach(ArrayList.java:1511)
... Removed 32 stack frames]]>
    </failure>
  </testcase> <!-- verifySearchingWithInvalidProduct -->
  <testcase classname="com.tutorialsninja.qa.testcases.SearchTest" name="verifySearchingWithoutAnyProducts" time="0.001">
    <skipped/>
  </testcase> <!-- verifySearchingWithoutAnyProducts -->
</testsuite> <!-- Surefire test -->
