<?xml version="1.0" encoding="UTF-8"?>
<testng-results ignored="0" total="14" passed="14" failed="0" skipped="0">
  <reporter-output>
  </reporter-output>
  <suite started-at="2023-03-31T10:29:05 IST" name="TutorialsNinja Automation Suite" finished-at="2023-03-31T10:29:51 IST" duration-ms="46575">
    <groups>
    </groups>
    <test started-at="2023-03-31T10:29:05 IST" name="TutorialsNinja Tests" finished-at="2023-03-31T10:29:51 IST" duration-ms="46575">
      <class name="com.tutorialsninja.qa.testcases.RegisterTest">
        <test-method is-config="true" signature="setup()[pri:0, instance:com.tutorialsninja.qa.testcases.RegisterTest@3ce1e309]" started-at="2023-03-31T10:29:05 IST" name="setup" finished-at="2023-03-31T10:29:09 IST" duration-ms="3947" status="PASS">
          <reporter-output>
          </reporter-output>
        </test-method> <!-- setup -->
        <test-method signature="verifyRegisteringWithMandatorydFields()[pri:1, instance:com.tutorialsninja.qa.testcases.RegisterTest@3ce1e309]" started-at="2023-03-31T10:29:09 IST" name="verifyRegisteringWithMandatorydFields" finished-at="2023-03-31T10:29:10 IST" duration-ms="1180" status="PASS">
          <reporter-output>
          </reporter-output>
        </test-method> <!-- verifyRegisteringWithMandatorydFields -->
        <test-method is-config="true" signature="tearDown()[pri:0, instance:com.tutorialsninja.qa.testcases.RegisterTest@3ce1e309]" started-at="2023-03-31T10:29:10 IST" name="tearDown" finished-at="2023-03-31T10:29:10 IST" duration-ms="345" status="PASS">
          <reporter-output>
          </reporter-output>
        </test-method> <!-- tearDown -->
        <test-method is-config="true" signature="setup()[pri:0, instance:com.tutorialsninja.qa.testcases.RegisterTest@3ce1e309]" started-at="2023-03-31T10:29:10 IST" name="setup" finished-at="2023-03-31T10:29:13 IST" duration-ms="2296" status="PASS">
          <reporter-output>
          </reporter-output>
        </test-method> <!-- setup -->
        <test-method signature="verifyRegisteringWithAllFields()[pri:2, instance:com.tutorialsninja.qa.testcases.RegisterTest@3ce1e309]" started-at="2023-03-31T10:29:13 IST" name="verifyRegisteringWithAllFields" finished-at="2023-03-31T10:29:14 IST" duration-ms="1197" status="PASS">
          <reporter-output>
          </reporter-output>
        </test-method> <!-- verifyRegisteringWithAllFields -->
        <test-method is-config="true" signature="tearDown()[pri:0, instance:com.tutorialsninja.qa.testcases.RegisterTest@3ce1e309]" started-at="2023-03-31T10:29:14 IST" name="tearDown" finished-at="2023-03-31T10:29:14 IST" duration-ms="315" status="PASS">
          <reporter-output>
          </reporter-output>
        </test-method> <!-- tearDown -->
        <test-method is-config="true" signature="setup()[pri:0, instance:com.tutorialsninja.qa.testcases.RegisterTest@3ce1e309]" started-at="2023-03-31T10:29:14 IST" name="setup" finished-at="2023-03-31T10:29:17 IST" duration-ms="2353" status="PASS">
          <reporter-output>
          </reporter-output>
        </test-method> <!-- setup -->
        <test-method signature="verifyRegisteringWithExistingEmailAddress()[pri:3, instance:com.tutorialsninja.qa.testcases.RegisterTest@3ce1e309]" started-at="2023-03-31T10:29:17 IST" name="verifyRegisteringWithExistingEmailAddress" finished-at="2023-03-31T10:29:18 IST" duration-ms="1141" status="PASS">
          <reporter-output>
          </reporter-output>
        </test-method> <!-- verifyRegisteringWithExistingEmailAddress -->
        <test-method is-config="true" signature="tearDown()[pri:0, instance:com.tutorialsninja.qa.testcases.RegisterTest@3ce1e309]" started-at="2023-03-31T10:29:18 IST" name="tearDown" finished-at="2023-03-31T10:29:18 IST" duration-ms="241" status="PASS">
          <reporter-output>
          </reporter-output>
        </test-method> <!-- tearDown -->
        <test-method is-config="true" signature="setup()[pri:0, instance:com.tutorialsninja.qa.testcases.RegisterTest@3ce1e309]" started-at="2023-03-31T10:29:18 IST" name="setup" finished-at="2023-03-31T10:29:20 IST" duration-ms="2128" status="PASS">
          <reporter-output>
          </reporter-output>
        </test-method> <!-- setup -->
        <test-method signature="verifyRegisteringAccountWithoutFillingAnyDetails()[pri:4, instance:com.tutorialsninja.qa.testcases.RegisterTest@3ce1e309]" started-at="2023-03-31T10:29:20 IST" name="verifyRegisteringAccountWithoutFillingAnyDetails" finished-at="2023-03-31T10:29:21 IST" duration-ms="521" status="PASS">
          <reporter-output>
          </reporter-output>
        </test-method> <!-- verifyRegisteringAccountWithoutFillingAnyDetails -->
        <test-method is-config="true" signature="tearDown()[pri:0, instance:com.tutorialsninja.qa.testcases.RegisterTest@3ce1e309]" started-at="2023-03-31T10:29:21 IST" name="tearDown" finished-at="2023-03-31T10:29:21 IST" duration-ms="304" status="PASS">
          <reporter-output>
          </reporter-output>
        </test-method> <!-- tearDown -->
      </class> <!-- com.tutorialsninja.qa.testcases.RegisterTest -->
      <class name="com.tutorialsninja.qa.testcases.SearchTest">
        <test-method is-config="true" signature="setup()[pri:0, instance:com.tutorialsninja.qa.testcases.SearchTest@38c6f217]" started-at="2023-03-31T10:29:44 IST" name="setup" finished-at="2023-03-31T10:29:46 IST" duration-ms="1738" status="PASS">
          <reporter-output>
          </reporter-output>
        </test-method> <!-- setup -->
        <test-method signature="verifySearchingWithValidProduct()[pri:1, instance:com.tutorialsninja.qa.testcases.SearchTest@38c6f217]" started-at="2023-03-31T10:29:46 IST" name="verifySearchingWithValidProduct" finished-at="2023-03-31T10:29:46 IST" duration-ms="383" status="PASS">
          <reporter-output>
          </reporter-output>
        </test-method> <!-- verifySearchingWithValidProduct -->
        <test-method is-config="true" signature="tearDown()[pri:0, instance:com.tutorialsninja.qa.testcases.SearchTest@38c6f217]" started-at="2023-03-31T10:29:46 IST" name="tearDown" finished-at="2023-03-31T10:29:46 IST" duration-ms="382" status="PASS">
          <reporter-output>
          </reporter-output>
        </test-method> <!-- tearDown -->
        <test-method is-config="true" signature="setup()[pri:0, instance:com.tutorialsninja.qa.testcases.SearchTest@38c6f217]" started-at="2023-03-31T10:29:46 IST" name="setup" finished-at="2023-03-31T10:29:48 IST" duration-ms="1782" status="PASS">
          <reporter-output>
          </reporter-output>
        </test-method> <!-- setup -->
        <test-method signature="verifySearchingWithInvalidProduct()[pri:2, instance:com.tutorialsninja.qa.testcases.SearchTest@38c6f217]" started-at="2023-03-31T10:29:48 IST" name="verifySearchingWithInvalidProduct" finished-at="2023-03-31T10:29:49 IST" duration-ms="366" status="PASS">
          <reporter-output>
          </reporter-output>
        </test-method> <!-- verifySearchingWithInvalidProduct -->
        <test-method is-config="true" signature="tearDown()[pri:0, instance:com.tutorialsninja.qa.testcases.SearchTest@38c6f217]" started-at="2023-03-31T10:29:49 IST" name="tearDown" finished-at="2023-03-31T10:29:49 IST" duration-ms="275" status="PASS">
          <reporter-output>
          </reporter-output>
        </test-method> <!-- tearDown -->
        <test-method is-config="true" signature="setup()[pri:0, instance:com.tutorialsninja.qa.testcases.SearchTest@38c6f217]" started-at="2023-03-31T10:29:49 IST" name="setup" finished-at="2023-03-31T10:29:51 IST" duration-ms="1716" status="PASS">
          <reporter-output>
          </reporter-output>
        </test-method> <!-- setup -->
        <test-method signature="verifySearchingWithoutAnyProducts()[pri:3, instance:com.tutorialsninja.qa.testcases.SearchTest@38c6f217]" started-at="2023-03-31T10:29:51 IST" name="verifySearchingWithoutAnyProducts" finished-at="2023-03-31T10:29:51 IST" depends-on-methods="com.tutorialsninja.qa.testcases.SearchTest.verifySearchingWithInvalidProduct" duration-ms="277" status="PASS">
          <reporter-output>
          </reporter-output>
        </test-method> <!-- verifySearchingWithoutAnyProducts -->
        <test-method is-config="true" signature="tearDown()[pri:0, instance:com.tutorialsninja.qa.testcases.SearchTest@38c6f217]" started-at="2023-03-31T10:29:51 IST" name="tearDown" finished-at="2023-03-31T10:29:51 IST" duration-ms="274" status="PASS">
          <reporter-output>
          </reporter-output>
        </test-method> <!-- tearDown -->
      </class> <!-- com.tutorialsninja.qa.testcases.SearchTest -->
      <class name="com.tutorialsninja.qa.testcases.LoginTest">
        <test-method is-config="true" signature="setup()[pri:0, instance:com.tutorialsninja.qa.testcases.LoginTest@72d1ad2e]" started-at="2023-03-31T10:29:22 IST" name="setup" finished-at="2023-03-31T10:29:25 IST" duration-ms="3339" status="PASS">
          <reporter-output>
          </reporter-output>
        </test-method> <!-- setup -->
        <test-method signature="verifyLoginWithValidCredentials(java.lang.String,java.lang.String)[pri:1, instance:com.tutorialsninja.qa.testcases.LoginTest@72d1ad2e]" started-at="2023-03-31T10:29:25 IST" name="verifyLoginWithValidCredentials" data-provider="testData" finished-at="2023-03-31T10:29:26 IST" duration-ms="748" status="PASS">
          <params>
            <param index="0">
              <value>
                <![CDATA[amotoori9@gmail.com]]>
              </value>
            </param>
            <param index="1">
              <value>
                <![CDATA[12345]]>
              </value>
            </param>
          </params>
          <reporter-output>
          </reporter-output>
        </test-method> <!-- verifyLoginWithValidCredentials -->
        <test-method is-config="true" signature="tearDown()[pri:0, instance:com.tutorialsninja.qa.testcases.LoginTest@72d1ad2e]" started-at="2023-03-31T10:29:26 IST" name="tearDown" finished-at="2023-03-31T10:29:26 IST" duration-ms="322" status="PASS">
          <reporter-output>
          </reporter-output>
        </test-method> <!-- tearDown -->
        <test-method is-config="true" signature="setup()[pri:0, instance:com.tutorialsninja.qa.testcases.LoginTest@72d1ad2e]" started-at="2023-03-31T10:29:26 IST" name="setup" finished-at="2023-03-31T10:29:28 IST" duration-ms="2033" status="PASS">
          <reporter-output>
          </reporter-output>
        </test-method> <!-- setup -->
        <test-method signature="verifyLoginWithValidCredentials(java.lang.String,java.lang.String)[pri:1, instance:com.tutorialsninja.qa.testcases.LoginTest@72d1ad2e]" started-at="2023-03-31T10:29:28 IST" name="verifyLoginWithValidCredentials" data-provider="testData" finished-at="2023-03-31T10:29:29 IST" duration-ms="726" status="PASS">
          <params>
            <param index="0">
              <value>
                <![CDATA[amotooricap2@gmail.com]]>
              </value>
            </param>
            <param index="1">
              <value>
                <![CDATA[12345]]>
              </value>
            </param>
          </params>
          <reporter-output>
          </reporter-output>
        </test-method> <!-- verifyLoginWithValidCredentials -->
        <test-method is-config="true" signature="tearDown()[pri:0, instance:com.tutorialsninja.qa.testcases.LoginTest@72d1ad2e]" started-at="2023-03-31T10:29:29 IST" name="tearDown" finished-at="2023-03-31T10:29:29 IST" duration-ms="300" status="PASS">
          <reporter-output>
          </reporter-output>
        </test-method> <!-- tearDown -->
        <test-method is-config="true" signature="setup()[pri:0, instance:com.tutorialsninja.qa.testcases.LoginTest@72d1ad2e]" started-at="2023-03-31T10:29:29 IST" name="setup" finished-at="2023-03-31T10:29:31 IST" duration-ms="2041" status="PASS">
          <reporter-output>
          </reporter-output>
        </test-method> <!-- setup -->
        <test-method signature="verifyLoginWithValidCredentials(java.lang.String,java.lang.String)[pri:1, instance:com.tutorialsninja.qa.testcases.LoginTest@72d1ad2e]" started-at="2023-03-31T10:29:31 IST" name="verifyLoginWithValidCredentials" data-provider="testData" finished-at="2023-03-31T10:29:32 IST" duration-ms="738" status="PASS">
          <params>
            <param index="0">
              <value>
                <![CDATA[amotooricap3@gmail.com]]>
              </value>
            </param>
            <param index="1">
              <value>
                <![CDATA[12345]]>
              </value>
            </param>
          </params>
          <reporter-output>
          </reporter-output>
        </test-method> <!-- verifyLoginWithValidCredentials -->
        <test-method is-config="true" signature="tearDown()[pri:0, instance:com.tutorialsninja.qa.testcases.LoginTest@72d1ad2e]" started-at="2023-03-31T10:29:32 IST" name="tearDown" finished-at="2023-03-31T10:29:32 IST" duration-ms="253" status="PASS">
          <reporter-output>
          </reporter-output>
        </test-method> <!-- tearDown -->
        <test-method is-config="true" signature="setup()[pri:0, instance:com.tutorialsninja.qa.testcases.LoginTest@72d1ad2e]" started-at="2023-03-31T10:29:32 IST" name="setup" finished-at="2023-03-31T10:29:34 IST" duration-ms="2063" status="PASS">
          <reporter-output>
          </reporter-output>
        </test-method> <!-- setup -->
        <test-method signature="verifyLoginwithInvalidCredentials()[pri:2, instance:com.tutorialsninja.qa.testcases.LoginTest@72d1ad2e]" started-at="2023-03-31T10:29:34 IST" name="verifyLoginwithInvalidCredentials" finished-at="2023-03-31T10:29:35 IST" duration-ms="627" status="PASS">
          <reporter-output>
          </reporter-output>
        </test-method> <!-- verifyLoginwithInvalidCredentials -->
        <test-method is-config="true" signature="tearDown()[pri:0, instance:com.tutorialsninja.qa.testcases.LoginTest@72d1ad2e]" started-at="2023-03-31T10:29:35 IST" name="tearDown" finished-at="2023-03-31T10:29:35 IST" duration-ms="279" status="PASS">
          <reporter-output>
          </reporter-output>
        </test-method> <!-- tearDown -->
        <test-method is-config="true" signature="setup()[pri:0, instance:com.tutorialsninja.qa.testcases.LoginTest@72d1ad2e]" started-at="2023-03-31T10:29:35 IST" name="setup" finished-at="2023-03-31T10:29:37 IST" duration-ms="2115" status="PASS">
          <reporter-output>
          </reporter-output>
        </test-method> <!-- setup -->
        <test-method signature="verifyLoginwithInvalidEmailandValidPassword()[pri:3, instance:com.tutorialsninja.qa.testcases.LoginTest@72d1ad2e]" started-at="2023-03-31T10:29:37 IST" name="verifyLoginwithInvalidEmailandValidPassword" finished-at="2023-03-31T10:29:38 IST" duration-ms="688" status="PASS">
          <reporter-output>
          </reporter-output>
        </test-method> <!-- verifyLoginwithInvalidEmailandValidPassword -->
        <test-method is-config="true" signature="tearDown()[pri:0, instance:com.tutorialsninja.qa.testcases.LoginTest@72d1ad2e]" started-at="2023-03-31T10:29:38 IST" name="tearDown" finished-at="2023-03-31T10:29:38 IST" duration-ms="316" status="PASS">
          <reporter-output>
          </reporter-output>
        </test-method> <!-- tearDown -->
        <test-method is-config="true" signature="setup()[pri:0, instance:com.tutorialsninja.qa.testcases.LoginTest@72d1ad2e]" started-at="2023-03-31T10:29:38 IST" name="setup" finished-at="2023-03-31T10:29:40 IST" duration-ms="2108" status="PASS">
          <reporter-output>
          </reporter-output>
        </test-method> <!-- setup -->
        <test-method signature="verifyLoginWithValidEmailandInvalidPassword()[pri:4, instance:com.tutorialsninja.qa.testcases.LoginTest@72d1ad2e]" started-at="2023-03-31T10:29:40 IST" name="verifyLoginWithValidEmailandInvalidPassword" finished-at="2023-03-31T10:29:41 IST" duration-ms="604" status="PASS">
          <reporter-output>
          </reporter-output>
        </test-method> <!-- verifyLoginWithValidEmailandInvalidPassword -->
        <test-method is-config="true" signature="tearDown()[pri:0, instance:com.tutorialsninja.qa.testcases.LoginTest@72d1ad2e]" started-at="2023-03-31T10:29:41 IST" name="tearDown" finished-at="2023-03-31T10:29:41 IST" duration-ms="302" status="PASS">
          <reporter-output>
          </reporter-output>
        </test-method> <!-- tearDown -->
        <test-method is-config="true" signature="setup()[pri:0, instance:com.tutorialsninja.qa.testcases.LoginTest@72d1ad2e]" started-at="2023-03-31T10:29:41 IST" name="setup" finished-at="2023-03-31T10:29:43 IST" duration-ms="1999" status="PASS">
          <reporter-output>
          </reporter-output>
        </test-method> <!-- setup -->
        <test-method signature="verifyLoginWithoutProvidingCredentials()[pri:5, instance:com.tutorialsninja.qa.testcases.LoginTest@72d1ad2e]" started-at="2023-03-31T10:29:43 IST" name="verifyLoginWithoutProvidingCredentials" finished-at="2023-03-31T10:29:44 IST" duration-ms="434" status="PASS">
          <reporter-output>
          </reporter-output>
        </test-method> <!-- verifyLoginWithoutProvidingCredentials -->
        <test-method is-config="true" signature="tearDown()[pri:0, instance:com.tutorialsninja.qa.testcases.LoginTest@72d1ad2e]" started-at="2023-03-31T10:29:44 IST" name="tearDown" finished-at="2023-03-31T10:29:44 IST" duration-ms="242" status="PASS">
          <reporter-output>
          </reporter-output>
        </test-method> <!-- tearDown -->
      </class> <!-- com.tutorialsninja.qa.testcases.LoginTest -->
    </test> <!-- TutorialsNinja Tests -->
  </suite> <!-- TutorialsNinja Automation Suite -->
</testng-results>
