<?xml version="1.0" encoding="UTF-8"?>
<testng-results ignored="0" total="3" passed="1" failed="1" skipped="1">
  <reporter-output>
  </reporter-output>
  <suite started-at="2023-03-28T12:53:38 IST" name="Default suite" finished-at="2023-03-28T12:53:44 IST" duration-ms="6387">
    <groups>
    </groups>
    <test started-at="2023-03-28T12:53:38 IST" name="Default test" finished-at="2023-03-28T12:53:44 IST" duration-ms="6387">
      <class name="com.tutorialsninja.qa.testcases.Search">
        <test-method is-config="true" signature="setup()[pri:0, instance:com.tutorialsninja.qa.testcases.Search@223191a6]" started-at="2023-03-28T12:53:38 IST" name="setup" finished-at="2023-03-28T12:53:41 IST" duration-ms="3341" status="PASS">
          <reporter-output>
          </reporter-output>
        </test-method> <!-- setup -->
        <test-method signature="verifySearchingWithValidProduct()[pri:1, instance:com.tutorialsninja.qa.testcases.Search@223191a6]" started-at="2023-03-28T12:53:41 IST" name="verifySearchingWithValidProduct" finished-at="2023-03-28T12:53:42 IST" duration-ms="432" status="PASS">
          <reporter-output>
          </reporter-output>
        </test-method> <!-- verifySearchingWithValidProduct -->
        <test-method is-config="true" signature="tearDown()[pri:0, instance:com.tutorialsninja.qa.testcases.Search@223191a6]" started-at="2023-03-28T12:53:42 IST" name="tearDown" finished-at="2023-03-28T12:53:42 IST" duration-ms="262" status="PASS">
          <reporter-output>
          </reporter-output>
        </test-method> <!-- tearDown -->
        <test-method is-config="true" signature="setup()[pri:0, instance:com.tutorialsninja.qa.testcases.Search@223191a6]" started-at="2023-03-28T12:53:42 IST" name="setup" finished-at="2023-03-28T12:53:44 IST" duration-ms="1676" status="PASS">
          <reporter-output>
          </reporter-output>
        </test-method> <!-- setup -->
        <test-method signature="verifySearchingWithInvalidProduct()[pri:2, instance:com.tutorialsninja.qa.testcases.Search@223191a6]" started-at="2023-03-28T12:53:44 IST" name="verifySearchingWithInvalidProduct" finished-at="2023-03-28T12:53:44 IST" duration-ms="375" status="FAIL">
          <exception class="org.junit.ComparisonFailure">
            <message>
              <![CDATA[There is no product that matches the search criteria. expected:<[avcas]> but was:<[There is no product that matches the search criteria.]>]]>
            </message>
            <full-stacktrace>
              <![CDATA[org.junit.ComparisonFailure: There is no product that matches the search criteria. expected:<[avcas]> but was:<[There is no product that matches the search criteria.]>
at org.junit.Assert.assertEquals(Assert.java:115)
at com.tutorialsninja.qa.testcases.Search.verifySearchingWithInvalidProduct(Search.java:61)
at java.base/jdk.internal.reflect.NativeMethodAccessorImpl.invoke0(Native Method)
at java.base/jdk.internal.reflect.NativeMethodAccessorImpl.invoke(NativeMethodAccessorImpl.java:77)
at java.base/jdk.internal.reflect.DelegatingMethodAccessorImpl.invoke(DelegatingMethodAccessorImpl.java:43)
at java.base/java.lang.reflect.Method.invoke(Method.java:568)
at org.testng.internal.invokers.MethodInvocationHelper.invokeMethod(MethodInvocationHelper.java:139)
at org.testng.internal.invokers.TestInvoker.invokeMethod(TestInvoker.java:677)
at org.testng.internal.invokers.TestInvoker.invokeTestMethod(TestInvoker.java:221)
at org.testng.internal.invokers.MethodRunner.runInSequence(MethodRunner.java:50)
at org.testng.internal.invokers.TestInvoker$MethodInvocationAgent.invoke(TestInvoker.java:969)
at org.testng.internal.invokers.TestInvoker.invokeTestMethods(TestInvoker.java:194)
at org.testng.internal.invokers.TestMethodWorker.invokeTestMethods(TestMethodWorker.java:148)
at org.testng.internal.invokers.TestMethodWorker.run(TestMethodWorker.java:128)
at java.base/java.util.ArrayList.forEach(ArrayList.java:1511)
at org.testng.TestRunner.privateRun(TestRunner.java:829)
at org.testng.TestRunner.run(TestRunner.java:602)
at org.testng.SuiteRunner.runTest(SuiteRunner.java:437)
at org.testng.SuiteRunner.runSequentially(SuiteRunner.java:431)
at org.testng.SuiteRunner.privateRun(SuiteRunner.java:391)
at org.testng.SuiteRunner.run(SuiteRunner.java:330)
at org.testng.SuiteRunnerWorker.runSuite(SuiteRunnerWorker.java:52)
at org.testng.SuiteRunnerWorker.run(SuiteRunnerWorker.java:95)
at org.testng.TestNG.runSuitesSequentially(TestNG.java:1256)
at org.testng.TestNG.runSuitesLocally(TestNG.java:1176)
at org.testng.TestNG.runSuites(TestNG.java:1099)
at org.testng.TestNG.run(TestNG.java:1067)
at org.testng.remote.AbstractRemoteTestNG.run(AbstractRemoteTestNG.java:115)
at org.testng.remote.RemoteTestNG.initAndRun(RemoteTestNG.java:251)
at org.testng.remote.RemoteTestNG.main(RemoteTestNG.java:77)
]]>
            </full-stacktrace>
          </exception> <!-- org.junit.ComparisonFailure -->
          <reporter-output>
          </reporter-output>
        </test-method> <!-- verifySearchingWithInvalidProduct -->
        <test-method is-config="true" signature="tearDown()[pri:0, instance:com.tutorialsninja.qa.testcases.Search@223191a6]" started-at="2023-03-28T12:53:44 IST" name="tearDown" finished-at="2023-03-28T12:53:44 IST" duration-ms="237" status="PASS">
          <reporter-output>
          </reporter-output>
        </test-method> <!-- tearDown -->
        <test-method signature="verifySearchingWithoutAnyProducts()[pri:3, instance:com.tutorialsninja.qa.testcases.Search@223191a6]" started-at="2023-03-28T12:53:44 IST" name="verifySearchingWithoutAnyProducts" finished-at="2023-03-28T12:53:44 IST" depends-on-methods="com.tutorialsninja.qa.testcases.Search.verifySearchingWithInvalidProduct" duration-ms="0" status="SKIP">
          <exception class="java.lang.Throwable">
            <message>
              <![CDATA[Method com.tutorialsninja.qa.testcases.Search.verifySearchingWithoutAnyProducts() on instance com.tutorialsninja.qa.testcases.Search@223191a6 depends on not successfully finished methods 
[com.tutorialsninja.qa.testcases.Search.verifySearchingWithInvalidProduct() on instance com.tutorialsninja.qa.testcases.Search@223191a6]]]>
            </message>
            <full-stacktrace>
              <![CDATA[java.lang.Throwable: Method com.tutorialsninja.qa.testcases.Search.verifySearchingWithoutAnyProducts() on instance com.tutorialsninja.qa.testcases.Search@223191a6 depends on not successfully finished methods 
[com.tutorialsninja.qa.testcases.Search.verifySearchingWithInvalidProduct() on instance com.tutorialsninja.qa.testcases.Search@223191a6]
at org.testng.internal.invokers.TestInvoker.invokeTestMethods(TestInvoker.java:150)
at org.testng.internal.invokers.TestMethodWorker.invokeTestMethods(TestMethodWorker.java:148)
at org.testng.internal.invokers.TestMethodWorker.run(TestMethodWorker.java:128)
at java.base/java.util.ArrayList.forEach(ArrayList.java:1511)
at org.testng.TestRunner.privateRun(TestRunner.java:829)
at org.testng.TestRunner.run(TestRunner.java:602)
at org.testng.SuiteRunner.runTest(SuiteRunner.java:437)
at org.testng.SuiteRunner.runSequentially(SuiteRunner.java:431)
at org.testng.SuiteRunner.privateRun(SuiteRunner.java:391)
at org.testng.SuiteRunner.run(SuiteRunner.java:330)
at org.testng.SuiteRunnerWorker.runSuite(SuiteRunnerWorker.java:52)
at org.testng.SuiteRunnerWorker.run(SuiteRunnerWorker.java:95)
at org.testng.TestNG.runSuitesSequentially(TestNG.java:1256)
at org.testng.TestNG.runSuitesLocally(TestNG.java:1176)
at org.testng.TestNG.runSuites(TestNG.java:1099)
at org.testng.TestNG.run(TestNG.java:1067)
at org.testng.remote.AbstractRemoteTestNG.run(AbstractRemoteTestNG.java:115)
at org.testng.remote.RemoteTestNG.initAndRun(RemoteTestNG.java:251)
at org.testng.remote.RemoteTestNG.main(RemoteTestNG.java:77)
]]>
            </full-stacktrace>
          </exception> <!-- java.lang.Throwable -->
          <reporter-output>
          </reporter-output>
        </test-method> <!-- verifySearchingWithoutAnyProducts -->
      </class> <!-- com.tutorialsninja.qa.testcases.Search -->
    </test> <!-- Default test -->
  </suite> <!-- Default suite -->
</testng-results>
