<?xml version="1.0" encoding="UTF-8"?>
<!-- Generated by org.testng.reporters.JUnitXMLReporter -->
<testsuite ignored="0" hostname="LAPTOP-ZYZZ" failures="0" tests="14" name="TutorialsNinja Tests" time="46.575" errors="0" timestamp="2023-03-31T10:29:52 IST">
  <testcase classname="com.tutorialsninja.qa.testcases.RegisterTest" name="verifyRegisteringWithMandatorydFields" time="1.18"/>
  <testcase classname="com.tutorialsninja.qa.testcases.RegisterTest" name="verifyRegisteringWithAllFields" time="1.197"/>
  <testcase classname="com.tutorialsninja.qa.testcases.RegisterTest" name="verifyRegisteringWithExistingEmailAddress" time="1.141"/>
  <testcase classname="com.tutorialsninja.qa.testcases.RegisterTest" name="verifyRegisteringAccountWithoutFillingAnyDetails" time="0.521"/>
  <testcase classname="com.tutorialsninja.qa.testcases.LoginTest" name="verifyLoginWithValidCredentials" time="0.748"/>
  <testcase classname="com.tutorialsninja.qa.testcases.LoginTest" name="verifyLoginWithValidCredentials" time="0.726"/>
  <testcase classname="com.tutorialsninja.qa.testcases.LoginTest" name="verifyLoginWithValidCredentials" time="0.738"/>
  <testcase classname="com.tutorialsninja.qa.testcases.LoginTest" name="verifyLoginwithInvalidCredentials" time="0.627"/>
  <testcase classname="com.tutorialsninja.qa.testcases.LoginTest" name="verifyLoginwithInvalidEmailandValidPassword" time="0.688"/>
  <testcase classname="com.tutorialsninja.qa.testcases.LoginTest" name="verifyLoginWithValidEmailandInvalidPassword" time="0.604"/>
  <testcase classname="com.tutorialsninja.qa.testcases.LoginTest" name="verifyLoginWithoutProvidingCredentials" time="0.434"/>
  <testcase classname="com.tutorialsninja.qa.testcases.SearchTest" name="verifySearchingWithValidProduct" time="0.383"/>
  <testcase classname="com.tutorialsninja.qa.testcases.SearchTest" name="verifySearchingWithInvalidProduct" time="0.366"/>
  <testcase classname="com.tutorialsninja.qa.testcases.SearchTest" name="verifySearchingWithoutAnyProducts" time="0.277"/>
</testsuite> <!-- TutorialsNinja Tests -->
